2020-01-16 00:10:28,434 INFO Starting Nacos v1.1.4 on DESKTOP-LPS0P4Q with PID 10020 (C:\Users\Howard Zhong\IdeaProjects\SpringCloudAlibaba\nacos\target\nacos-server.jar started by Howard Zhong in C:\Users\Howard Zhong\IdeaProjects\SpringCloudAlibaba\nacos\bin)

2020-01-16 00:10:28,440 INFO The following profiles are active: standalone

2020-01-16 00:10:30,730 INFO Bean 'org.springframework.security.config.annotation.configuration.ObjectPostProcessorConfiguration' of type [org.springframework.security.config.annotation.configuration.ObjectPostProcessorConfiguration$$EnhancerBySpringCGLIB$$49f3cb4] is not eligible for getting processed by all BeanPostProcessors (for example: not eligible for auto-proxying)

2020-01-16 00:10:30,845 INFO Bean 'objectPostProcessor' of type [org.springframework.security.config.annotation.configuration.AutowireBeanFactoryObjectPostProcessor] is not eligible for getting processed by all BeanPostProcessors (for example: not eligible for auto-proxying)

2020-01-16 00:10:30,849 INFO Bean 'org.springframework.security.access.expression.method.DefaultMethodSecurityExpressionHandler@303cf2ba' of type [org.springframework.security.access.expression.method.DefaultMethodSecurityExpressionHandler] is not eligible for getting processed by all BeanPostProcessors (for example: not eligible for auto-proxying)

2020-01-16 00:10:30,850 INFO Bean 'org.springframework.security.config.annotation.method.configuration.GlobalMethodSecurityConfiguration' of type [org.springframework.security.config.annotation.method.configuration.GlobalMethodSecurityConfiguration$$EnhancerBySpringCGLIB$$2973df66] is not eligible for getting processed by all BeanPostProcessors (for example: not eligible for auto-proxying)

2020-01-16 00:10:30,857 INFO Bean 'methodSecurityMetadataSource' of type [org.springframework.security.access.method.DelegatingMethodSecurityMetadataSource] is not eligible for getting processed by all BeanPostProcessors (for example: not eligible for auto-proxying)

2020-01-16 00:10:31,694 INFO Tomcat initialized with port(s): 8848 (http)

2020-01-16 00:10:31,730 INFO Starting service [Tomcat]

2020-01-16 00:10:31,731 INFO Starting Servlet Engine: Apache Tomcat/9.0.13

2020-01-16 00:10:31,743 INFO The APR based Apache Tomcat Native library which allows optimal performance in production environments was not found on the java.library.path: [C:\Program Files\Java\jdk1.8.0_172\bin;C:\WINDOWS\Sun\Java\bin;C:\WINDOWS\system32;C:\WINDOWS;C:\Oracle\product\11.2.0\dbhome_1\bin;C:\Program Files (x86)\Common Files\Oracle\Java\javapath;C:\WINDOWS\system32;C:\WINDOWS;C:\WINDOWS\System32\Wbem;C:\WINDOWS\System32\WindowsPowerShell\v1.0\;C:\Program Files\Java\jdk1.8.0_172\bin;C:\WINDOWS\System32\OpenSSH\;C:\Program Files (x86)\NVIDIA Corporation\PhysX\Common;C:\Program Files\NVIDIA Corporation\NVIDIA NvDLISR;%CATALINA_HOME%\lib;%CATALINA_HOME%\bin;C:\Program Files\Java\jdk1.8.0_172\jre\bin;C:\WINDOWS\system32;C:\WINDOWS;C:\WINDOWS\System32\Wbem;C:\WINDOWS\System32\WindowsPowerShell\v1.0\;C:\WINDOWS\System32\OpenSSH\;C:\Users\Howard Zhong\Documents\JAR\Maven\apache-maven-3.6.1\bin;C:\Users\Howard Zhong\cmder_mini;C:\Program Files\nodejs\;C:\ProgramData\chocolatey\bin;C:\Program Files\Git\bin;C:\Users\Howard Zhong\AppData\Local\Microsoft\WindowsApps;;C:\Program Files\JetBrains\IntelliJ IDEA 2019.1.3\bin;;C:\Users\Howard Zhong\AppData\Roaming\npm;.]

2020-01-16 00:10:31,862 INFO Initializing Spring embedded WebApplicationContext

2020-01-16 00:10:31,862 INFO Root WebApplicationContext: initialization completed in 3355 ms

2020-01-16 00:10:34,881 INFO Use Mysql as the driver

2020-01-16 00:10:35,296 INFO Initializing ExecutorService 'applicationTaskExecutor'

2020-01-16 00:10:35,718 INFO Adding welcome page: class path resource [static/index.html]

2020-01-16 00:10:36,063 INFO Creating filter chain: Ant [pattern='/'], []

2020-01-16 00:10:36,064 INFO Creating filter chain: Ant [pattern='/**/*.css'], []

2020-01-16 00:10:36,064 INFO Creating filter chain: Ant [pattern='/**/*.js'], []

2020-01-16 00:10:36,065 INFO Creating filter chain: Ant [pattern='/**/*.html'], []

2020-01-16 00:10:36,065 INFO Creating filter chain: Ant [pattern='/**/*.map'], []

2020-01-16 00:10:36,065 INFO Creating filter chain: Ant [pattern='/**/*.svg'], []

2020-01-16 00:10:36,065 INFO Creating filter chain: Ant [pattern='/**/*.png'], []

2020-01-16 00:10:36,065 INFO Creating filter chain: Ant [pattern='/**/*.ico'], []

2020-01-16 00:10:36,066 INFO Creating filter chain: Ant [pattern='/console-fe/public/**'], []

2020-01-16 00:10:36,066 INFO Creating filter chain: Ant [pattern='/v1/auth/login'], []

2020-01-16 00:10:36,067 INFO Creating filter chain: Ant [pattern='/v1/console/health/**'], []

2020-01-16 00:10:36,067 INFO Creating filter chain: Ant [pattern='/v1/cs/**'], []

2020-01-16 00:10:36,068 INFO Creating filter chain: Ant [pattern='/v1/ns/**'], []

2020-01-16 00:10:36,068 INFO Creating filter chain: Ant [pattern='/v1/cmdb/**'], []

2020-01-16 00:10:36,069 INFO Creating filter chain: Ant [pattern='/actuator/**'], []

2020-01-16 00:10:36,069 INFO Creating filter chain: Ant [pattern='/v1/console/server/**'], []

2020-01-16 00:10:36,104 INFO Creating filter chain: any request, [org.springframework.security.web.context.request.async.WebAsyncManagerIntegrationFilter@22b53226, org.springframework.security.web.context.SecurityContextPersistenceFilter@5af3a0f, org.springframework.security.web.header.HeaderWriterFilter@338494fa, org.springframework.security.web.authentication.logout.LogoutFilter@5f031ebd, com.alibaba.nacos.console.filter.JwtAuthenticationTokenFilter@1fcb4808, org.springframework.security.web.savedrequest.RequestCacheAwareFilter@10993713, org.springframework.security.web.servletapi.SecurityContextHolderAwareRequestFilter@72cf2de5, org.springframework.security.web.authentication.AnonymousAuthenticationFilter@726e5805, org.springframework.security.web.session.SessionManagementFilter@758c83d8, org.springframework.security.web.access.ExceptionTranslationFilter@4c4d27c8, org.springframework.security.web.access.intercept.FilterSecurityInterceptor@60d1a32f]

2020-01-16 00:10:36,212 INFO Exposing 2 endpoint(s) beneath base path '/actuator'

2020-01-16 00:10:36,246 INFO Initializing ExecutorService 'taskScheduler'

2020-01-16 00:10:36,370 INFO Tomcat started on port(s): 8848 (http) with context path '/nacos'

2020-01-16 00:10:36,377 INFO Started Nacos in 9.131 seconds (JVM running for 9.79)

2020-01-16 00:10:36,377 INFO Nacos Log files: C:\Users\Howard Zhong\IdeaProjects\SpringCloudAlibaba\nacos/logs/

2020-01-16 00:10:36,377 INFO Nacos Conf files: C:\Users\Howard Zhong\IdeaProjects\SpringCloudAlibaba\nacos/conf/

2020-01-16 00:10:36,378 INFO Nacos Data files: C:\Users\Howard Zhong\IdeaProjects\SpringCloudAlibaba\nacos/data/

2020-01-16 00:10:36,378 INFO Nacos started successfully in stand alone mode.

2020-01-16 00:10:39,732 INFO Initializing Spring DispatcherServlet 'dispatcherServlet'

2020-01-16 00:10:39,733 INFO Initializing Servlet 'dispatcherServlet'

2020-01-16 00:10:39,744 INFO Completed initialization in 11 ms

2020-01-16 00:11:00,333 INFO Expired JWT token.

2020-01-16 00:11:00,368 ERROR Responding with unauthorized error. Message - Full authentication is required to access this resource

